note: Building targets in dependency order
note: Target dependency graph (1 target)
[Budgetma] Copying report.json
[Budgetma] Copying xcodebuild.log
[Budgetma] Copying original_logs.log
[Budgetma] Compiling TabBar.swift
[Budgetma] Compiling ContentView.swift
[Budgetma] Copy arm64-apple-ios-simulator.abi.json -> Budgetma.abi.json
[Budgetma] Copy arm64-apple-ios-simulator.swiftmodule -> Budgetma.swiftmodule
[Budgetma] Copy arm64-apple-ios-simulator.swiftsourceinfo -> Budgetma.swiftsourceinfo
[Budgetma] Compiling BudgetmaApp.swift
[Budgetma] Linking Budgetma.debug.dylib
note: Using stub executor library with Swift entry point. (in target 'Budgetma' from project 'Budgetma')
[Budgetma] Linking Budgetma
[Budgetma] Extract App Intents Metadata
[Budgetma] Processing empty-Budgetma.plist
Signing Budgetma.debug.dylib (in target 'Budgetma' from project 'Budgetma')
Signing __preview.dylib (in target 'Budgetma' from project 'Budgetma')
Signing Budgetma.app (in target 'Budgetma' from project 'Budgetma')
[Budgetma] Validate Budgetma.app
[!] Skipping duplicate build file in Compile Sources build phase: /Users/big-z/Documents/budgetma/Budgetma/TabBar.swift (in target 'Budgetma' from project 'Budgetma')
Build Succeeded

-----------------------------
-- xcodebuild.nvim summary --
-----------------------------

  ✔ Build Succeeded

