Command line invocation:
    /Applications/Xcode.app/Contents/Developer/usr/bin/xcodebuild build -project /Users/big-z/Documents/budgetma/Budgetma.xcodeproj -scheme Budgetma -destination id=AF819C46-6F0E-4A39-82C4-6397227ED54C -resultBundlePath /Users/big-z/Documents/budgetma/.nvim/xcodebuild/build.xcresult -parallelizeTargets

2026-05-30 18:55:20.377 xcodebuild[17513:263920] [MT] IDERunDestination: Supported platforms for the buildables in the current scheme is empty.
Writing result bundle at path:
	/Users/big-z/Documents/budgetma/.nvim/xcodebuild/build.xcresult

ComputePackagePrebuildTargetDependencyGraph

Prepare packages

CreateBuildRequest

SendProjectDescription

CreateBuildOperation

ComputeTargetDependencyGraph
note: Building targets in dependency order
note: Target dependency graph (1 target)
    Target 'Budgetma' in project 'Budgetma' (no dependencies)

GatherProvisioningInputs

CreateBuildDescription

ExecuteExternalTool /Applications/Xcode.app/Contents/Developer/usr/bin/actool --print-asset-tag-combinations --output-format xml1 /Users/big-z/Documents/budgetma/Budgetma/Assets.xcassets

ExecuteExternalTool /Applications/Xcode.app/Contents/Developer/Toolchains/XcodeDefault.xctoolchain/usr/bin/clang -v -E -dM -isysroot /Applications/Xcode.app/Contents/Developer/Platforms/iPhoneSimulator.platform/Developer/SDKs/iPhoneSimulator26.5.sdk -x c -c /dev/null

ExecuteExternalTool /Applications/Xcode.app/Contents/Developer/usr/bin/actool --version --output-format xml1

ExecuteExternalTool /Applications/Xcode.app/Contents/Developer/Toolchains/XcodeDefault.xctoolchain/usr/bin/swiftc --version

ExecuteExternalTool /Applications/Xcode.app/Contents/Developer/Toolchains/XcodeDefault.xctoolchain/usr/bin/ld -version_details

Build description signature: bc2f62baeaa06f2e9d0cbbf792b83731
Build description path: /Users/big-z/Library/Developer/Xcode/DerivedData/Budgetma-ecrnksjfaapklsbgpumhciziwdlt/Build/Intermediates.noindex/XCBuildData/bc2f62baeaa06f2e9d0cbbf792b83731.xcbuilddata
CreateBuildDirectory /Users/big-z/Library/Developer/Xcode/DerivedData/Budgetma-ecrnksjfaapklsbgpumhciziwdlt/Build/Intermediates.noindex
    cd /Users/big-z/Documents/budgetma/Budgetma.xcodeproj
    builtin-create-build-directory /Users/big-z/Library/Developer/Xcode/DerivedData/Budgetma-ecrnksjfaapklsbgpumhciziwdlt/Build/Intermediates.noindex

ClangStatCache /Applications/Xcode.app/Contents/Developer/Toolchains/XcodeDefault.xctoolchain/usr/bin/clang-stat-cache /Applications/Xcode.app/Contents/Developer/Platforms/iPhoneSimulator.platform/Developer/SDKs/iPhoneSimulator26.5.sdk /Users/big-z/Library/Developer/Xcode/DerivedData/SDKStatCaches.noindex/iphonesimulator26.5-23F73-6cfe768891a92b912361537c460fe42b.sdkstatcache
    cd /Users/big-z/Documents/budgetma/Budgetma.xcodeproj
    /Applications/Xcode.app/Contents/Developer/Toolchains/XcodeDefault.xctoolchain/usr/bin/clang-stat-cache /Applications/Xcode.app/Contents/Developer/Platforms/iPhoneSimulator.platform/Developer/SDKs/iPhoneSimulator26.5.sdk -o /Users/big-z/Library/Developer/Xcode/DerivedData/SDKStatCaches.noindex/iphonesimulator26.5-23F73-6cfe768891a92b912361537c460fe42b.sdkstatcache

CreateBuildDirectory /Users/big-z/Library/Developer/Xcode/DerivedData/Budgetma-ecrnksjfaapklsbgpumhciziwdlt/Build/Products
    cd /Users/big-z/Documents/budgetma/Budgetma.xcodeproj
    builtin-create-build-directory /Users/big-z/Library/Developer/Xcode/DerivedData/Budgetma-ecrnksjfaapklsbgpumhciziwdlt/Build/Products

CreateBuildDirectory /Users/big-z/Library/Developer/Xcode/DerivedData/Budgetma-ecrnksjfaapklsbgpumhciziwdlt/Build/Intermediates.noindex/SwiftExplicitPrecompiledModules
    cd /Users/big-z/Documents/budgetma/Budgetma.xcodeproj
    builtin-create-build-directory /Users/big-z/Library/Developer/Xcode/DerivedData/Budgetma-ecrnksjfaapklsbgpumhciziwdlt/Build/Intermediates.noindex/SwiftExplicitPrecompiledModules

CreateBuildDirectory /Users/big-z/Library/Developer/Xcode/DerivedData/Budgetma-ecrnksjfaapklsbgpumhciziwdlt/Build/Intermediates.noindex/ExplicitPrecompiledModules
    cd /Users/big-z/Documents/budgetma/Budgetma.xcodeproj
    builtin-create-build-directory /Users/big-z/Library/Developer/Xcode/DerivedData/Budgetma-ecrnksjfaapklsbgpumhciziwdlt/Build/Intermediates.noindex/ExplicitPrecompiledModules

CreateBuildDirectory /Users/big-z/Library/Developer/Xcode/DerivedData/Budgetma-ecrnksjfaapklsbgpumhciziwdlt/Build/Intermediates.noindex/EagerLinkingTBDs/Debug-iphonesimulator
    cd /Users/big-z/Documents/budgetma/Budgetma.xcodeproj
    builtin-create-build-directory /Users/big-z/Library/Developer/Xcode/DerivedData/Budgetma-ecrnksjfaapklsbgpumhciziwdlt/Build/Intermediates.noindex/EagerLinkingTBDs/Debug-iphonesimulator

WriteAuxiliaryFile /Users/big-z/Library/Developer/Xcode/DerivedData/Budgetma-ecrnksjfaapklsbgpumhciziwdlt/Build/Intermediates.noindex/Budgetma.build/Debug-iphonesimulator/Budgetma-0ece0692416a8d0a9d96ae2d8b162679-VFS-iphonesimulator/all-product-headers.yaml
    cd /Users/big-z/Documents/budgetma/Budgetma.xcodeproj
    write-file /Users/big-z/Library/Developer/Xcode/DerivedData/Budgetma-ecrnksjfaapklsbgpumhciziwdlt/Build/Intermediates.noindex/Budgetma.build/Debug-iphonesimulator/Budgetma-0ece0692416a8d0a9d96ae2d8b162679-VFS-iphonesimulator/all-product-headers.yaml

CreateBuildDirectory /Users/big-z/Library/Developer/Xcode/DerivedData/Budgetma-ecrnksjfaapklsbgpumhciziwdlt/Build/Products/Debug-iphonesimulator
    cd /Users/big-z/Documents/budgetma/Budgetma.xcodeproj
    builtin-create-build-directory /Users/big-z/Library/Developer/Xcode/DerivedData/Budgetma-ecrnksjfaapklsbgpumhciziwdlt/Build/Products/Debug-iphonesimulator

WriteAuxiliaryFile /Users/big-z/Library/Developer/Xcode/DerivedData/Budgetma-ecrnksjfaapklsbgpumhciziwdlt/Build/Intermediates.noindex/Budgetma.build/Debug-iphonesimulator/Budgetma.build/empty-Budgetma.plist (in target 'Budgetma' from project 'Budgetma')
    cd /Users/big-z/Documents/budgetma
    write-file /Users/big-z/Library/Developer/Xcode/DerivedData/Budgetma-ecrnksjfaapklsbgpumhciziwdlt/Build/Intermediates.noindex/Budgetma.build/Debug-iphonesimulator/Budgetma.build/empty-Budgetma.plist

WriteAuxiliaryFile /Users/big-z/Library/Developer/Xcode/DerivedData/Budgetma-ecrnksjfaapklsbgpumhciziwdlt/Build/Intermediates.noindex/Budgetma.build/Debug-iphonesimulator/Budgetma.build/Objects-normal/arm64/Budgetma.SwiftFileList (in target 'Budgetma' from project 'Budgetma')
    cd /Users/big-z/Documents/budgetma
    write-file /Users/big-z/Library/Developer/Xcode/DerivedData/Budgetma-ecrnksjfaapklsbgpumhciziwdlt/Build/Intermediates.noindex/Budgetma.build/Debug-iphonesimulator/Budgetma.build/Objects-normal/arm64/Budgetma.SwiftFileList

WriteAuxiliaryFile /Users/big-z/Library/Developer/Xcode/DerivedData/Budgetma-ecrnksjfaapklsbgpumhciziwdlt/Build/Intermediates.noindex/Budgetma.build/Debug-iphonesimulator/Budgetma.build/Objects-normal/arm64/Budgetma.SwiftConstValuesFileList (in target 'Budgetma' from project 'Budgetma')
    cd /Users/big-z/Documents/budgetma
    write-file /Users/big-z/Library/Developer/Xcode/DerivedData/Budgetma-ecrnksjfaapklsbgpumhciziwdlt/Build/Intermediates.noindex/Budgetma.build/Debug-iphonesimulator/Budgetma.build/Objects-normal/arm64/Budgetma.SwiftConstValuesFileList

WriteAuxiliaryFile /Users/big-z/Library/Developer/Xcode/DerivedData/Budgetma-ecrnksjfaapklsbgpumhciziwdlt/Build/Intermediates.noindex/Budgetma.build/Debug-iphonesimulator/Budgetma.build/Objects-normal/arm64/Budgetma.LinkFileList (in target 'Budgetma' from project 'Budgetma')
    cd /Users/big-z/Documents/budgetma
    write-file /Users/big-z/Library/Developer/Xcode/DerivedData/Budgetma-ecrnksjfaapklsbgpumhciziwdlt/Build/Intermediates.noindex/Budgetma.build/Debug-iphonesimulator/Budgetma.build/Objects-normal/arm64/Budgetma.LinkFileList

WriteAuxiliaryFile /Users/big-z/Library/Developer/Xcode/DerivedData/Budgetma-ecrnksjfaapklsbgpumhciziwdlt/Build/Intermediates.noindex/Budgetma.build/Debug-iphonesimulator/Budgetma.build/Objects-normal/arm64/Budgetma_const_extract_protocols.json (in target 'Budgetma' from project 'Budgetma')
    cd /Users/big-z/Documents/budgetma
    write-file /Users/big-z/Library/Developer/Xcode/DerivedData/Budgetma-ecrnksjfaapklsbgpumhciziwdlt/Build/Intermediates.noindex/Budgetma.build/Debug-iphonesimulator/Budgetma.build/Objects-normal/arm64/Budgetma_const_extract_protocols.json

WriteAuxiliaryFile /Users/big-z/Library/Developer/Xcode/DerivedData/Budgetma-ecrnksjfaapklsbgpumhciziwdlt/Build/Intermediates.noindex/Budgetma.build/Debug-iphonesimulator/Budgetma.build/Objects-normal/arm64/Budgetma-OutputFileMap.json (in target 'Budgetma' from project 'Budgetma')
    cd /Users/big-z/Documents/budgetma
    write-file /Users/big-z/Library/Developer/Xcode/DerivedData/Budgetma-ecrnksjfaapklsbgpumhciziwdlt/Build/Intermediates.noindex/Budgetma.build/Debug-iphonesimulator/Budgetma.build/Objects-normal/arm64/Budgetma-OutputFileMap.json

WriteAuxiliaryFile /Users/big-z/Library/Developer/Xcode/DerivedData/Budgetma-ecrnksjfaapklsbgpumhciziwdlt/Build/Intermediates.noindex/Budgetma.build/Debug-iphonesimulator/Budgetma.build/Budgetma.hmap (in target 'Budgetma' from project 'Budgetma')
    cd /Users/big-z/Documents/budgetma
    write-file /Users/big-z/Library/Developer/Xcode/DerivedData/Budgetma-ecrnksjfaapklsbgpumhciziwdlt/Build/Intermediates.noindex/Budgetma.build/Debug-iphonesimulator/Budgetma.build/Budgetma.hmap

WriteAuxiliaryFile /Users/big-z/Library/Developer/Xcode/DerivedData/Budgetma-ecrnksjfaapklsbgpumhciziwdlt/Build/Intermediates.noindex/Budgetma.build/Debug-iphonesimulator/Budgetma.build/Budgetma.DependencyStaticMetadataFileList (in target 'Budgetma' from project 'Budgetma')
    cd /Users/big-z/Documents/budgetma
    write-file /Users/big-z/Library/Developer/Xcode/DerivedData/Budgetma-ecrnksjfaapklsbgpumhciziwdlt/Build/Intermediates.noindex/Budgetma.build/Debug-iphonesimulator/Budgetma.build/Budgetma.DependencyStaticMetadataFileList

WriteAuxiliaryFile /Users/big-z/Library/Developer/Xcode/DerivedData/Budgetma-ecrnksjfaapklsbgpumhciziwdlt/Build/Intermediates.noindex/Budgetma.build/Debug-iphonesimulator/Budgetma.build/DerivedSources/Entitlements-Simulated.plist (in target 'Budgetma' from project 'Budgetma')
    cd /Users/big-z/Documents/budgetma
    write-file /Users/big-z/Library/Developer/Xcode/DerivedData/Budgetma-ecrnksjfaapklsbgpumhciziwdlt/Build/Intermediates.noindex/Budgetma.build/Debug-iphonesimulator/Budgetma.build/DerivedSources/Entitlements-Simulated.plist

WriteAuxiliaryFile /Users/big-z/Library/Developer/Xcode/DerivedData/Budgetma-ecrnksjfaapklsbgpumhciziwdlt/Build/Intermediates.noindex/Budgetma.build/Debug-iphonesimulator/Budgetma.build/Budgetma.DependencyMetadataFileList (in target 'Budgetma' from project 'Budgetma')
    cd /Users/big-z/Documents/budgetma
    write-file /Users/big-z/Library/Developer/Xcode/DerivedData/Budgetma-ecrnksjfaapklsbgpumhciziwdlt/Build/Intermediates.noindex/Budgetma.build/Debug-iphonesimulator/Budgetma.build/Budgetma.DependencyMetadataFileList

WriteAuxiliaryFile /Users/big-z/Library/Developer/Xcode/DerivedData/Budgetma-ecrnksjfaapklsbgpumhciziwdlt/Build/Intermediates.noindex/Budgetma.build/Debug-iphonesimulator/Budgetma.build/Budgetma-project-headers.hmap (in target 'Budgetma' from project 'Budgetma')
    cd /Users/big-z/Documents/budgetma
    write-file /Users/big-z/Library/Developer/Xcode/DerivedData/Budgetma-ecrnksjfaapklsbgpumhciziwdlt/Build/Intermediates.noindex/Budgetma.build/Debug-iphonesimulator/Budgetma.build/Budgetma-project-headers.hmap

WriteAuxiliaryFile /Users/big-z/Library/Developer/Xcode/DerivedData/Budgetma-ecrnksjfaapklsbgpumhciziwdlt/Build/Intermediates.noindex/Budgetma.build/Debug-iphonesimulator/Budgetma.build/Budgetma-own-target-headers.hmap (in target 'Budgetma' from project 'Budgetma')
    cd /Users/big-z/Documents/budgetma
    write-file /Users/big-z/Library/Developer/Xcode/DerivedData/Budgetma-ecrnksjfaapklsbgpumhciziwdlt/Build/Intermediates.noindex/Budgetma.build/Debug-iphonesimulator/Budgetma.build/Budgetma-own-target-headers.hmap

WriteAuxiliaryFile /Users/big-z/Library/Developer/Xcode/DerivedData/Budgetma-ecrnksjfaapklsbgpumhciziwdlt/Build/Intermediates.noindex/Budgetma.build/Debug-iphonesimulator/Budgetma.build/Budgetma-generated-files.hmap (in target 'Budgetma' from project 'Budgetma')
    cd /Users/big-z/Documents/budgetma
    write-file /Users/big-z/Library/Developer/Xcode/DerivedData/Budgetma-ecrnksjfaapklsbgpumhciziwdlt/Build/Intermediates.noindex/Budgetma.build/Debug-iphonesimulator/Budgetma.build/Budgetma-generated-files.hmap

WriteAuxiliaryFile /Users/big-z/Library/Developer/Xcode/DerivedData/Budgetma-ecrnksjfaapklsbgpumhciziwdlt/Build/Intermediates.noindex/Budgetma.build/Debug-iphonesimulator/Budgetma.build/Budgetma-all-target-headers.hmap (in target 'Budgetma' from project 'Budgetma')
    cd /Users/big-z/Documents/budgetma
    write-file /Users/big-z/Library/Developer/Xcode/DerivedData/Budgetma-ecrnksjfaapklsbgpumhciziwdlt/Build/Intermediates.noindex/Budgetma.build/Debug-iphonesimulator/Budgetma.build/Budgetma-all-target-headers.hmap

WriteAuxiliaryFile /Users/big-z/Library/Developer/Xcode/DerivedData/Budgetma-ecrnksjfaapklsbgpumhciziwdlt/Build/Intermediates.noindex/Budgetma.build/Debug-iphonesimulator/Budgetma.build/Budgetma-all-non-framework-target-headers.hmap (in target 'Budgetma' from project 'Budgetma')
    cd /Users/big-z/Documents/budgetma
    write-file /Users/big-z/Library/Developer/Xcode/DerivedData/Budgetma-ecrnksjfaapklsbgpumhciziwdlt/Build/Intermediates.noindex/Budgetma.build/Debug-iphonesimulator/Budgetma.build/Budgetma-all-non-framework-target-headers.hmap

WriteAuxiliaryFile /Users/big-z/Library/Developer/Xcode/DerivedData/Budgetma-ecrnksjfaapklsbgpumhciziwdlt/Build/Intermediates.noindex/Budgetma.build/Debug-iphonesimulator/Budgetma.build/Budgetma-DebugDylibPath-normal-arm64.txt (in target 'Budgetma' from project 'Budgetma')
    cd /Users/big-z/Documents/budgetma
    write-file /Users/big-z/Library/Developer/Xcode/DerivedData/Budgetma-ecrnksjfaapklsbgpumhciziwdlt/Build/Intermediates.noindex/Budgetma.build/Debug-iphonesimulator/Budgetma.build/Budgetma-DebugDylibPath-normal-arm64.txt

WriteAuxiliaryFile /Users/big-z/Library/Developer/Xcode/DerivedData/Budgetma-ecrnksjfaapklsbgpumhciziwdlt/Build/Intermediates.noindex/Budgetma.build/Debug-iphonesimulator/Budgetma.build/Budgetma-DebugDylibInstallName-normal-arm64.txt (in target 'Budgetma' from project 'Budgetma')
    cd /Users/big-z/Documents/budgetma
    write-file /Users/big-z/Library/Developer/Xcode/DerivedData/Budgetma-ecrnksjfaapklsbgpumhciziwdlt/Build/Intermediates.noindex/Budgetma.build/Debug-iphonesimulator/Budgetma.build/Budgetma-DebugDylibInstallName-normal-arm64.txt

MkDir /Users/big-z/Library/Developer/Xcode/DerivedData/Budgetma-ecrnksjfaapklsbgpumhciziwdlt/Build/Products/Debug-iphonesimulator/Budgetma.app (in target 'Budgetma' from project 'Budgetma')
    cd /Users/big-z/Documents/budgetma
    /bin/mkdir -p /Users/big-z/Library/Developer/Xcode/DerivedData/Budgetma-ecrnksjfaapklsbgpumhciziwdlt/Build/Products/Debug-iphonesimulator/Budgetma.app

ProcessProductPackaging "" /Users/big-z/Library/Developer/Xcode/DerivedData/Budgetma-ecrnksjfaapklsbgpumhciziwdlt/Build/Intermediates.noindex/Budgetma.build/Debug-iphonesimulator/Budgetma.build/Budgetma.app-Simulated.xcent (in target 'Budgetma' from project 'Budgetma')
    cd /Users/big-z/Documents/budgetma
    
    Entitlements:
    
    {
    "application-identifier" = "FAKETEAMID.the-kern.com.Budgetma";
}
    
    builtin-productPackagingUtility -entitlements -format xml -o /Users/big-z/Library/Developer/Xcode/DerivedData/Budgetma-ecrnksjfaapklsbgpumhciziwdlt/Build/Intermediates.noindex/Budgetma.build/Debug-iphonesimulator/Budgetma.build/Budgetma.app-Simulated.xcent

ProcessProductPackagingDER /Users/big-z/Library/Developer/Xcode/DerivedData/Budgetma-ecrnksjfaapklsbgpumhciziwdlt/Build/Intermediates.noindex/Budgetma.build/Debug-iphonesimulator/Budgetma.build/Budgetma.app-Simulated.xcent /Users/big-z/Library/Developer/Xcode/DerivedData/Budgetma-ecrnksjfaapklsbgpumhciziwdlt/Build/Intermediates.noindex/Budgetma.build/Debug-iphonesimulator/Budgetma.build/Budgetma.app-Simulated.xcent.der (in target 'Budgetma' from project 'Budgetma')
    cd /Users/big-z/Documents/budgetma
    /usr/bin/derq query -f xml -i /Users/big-z/Library/Developer/Xcode/DerivedData/Budgetma-ecrnksjfaapklsbgpumhciziwdlt/Build/Intermediates.noindex/Budgetma.build/Debug-iphonesimulator/Budgetma.build/Budgetma.app-Simulated.xcent -o /Users/big-z/Library/Developer/Xcode/DerivedData/Budgetma-ecrnksjfaapklsbgpumhciziwdlt/Build/Intermediates.noindex/Budgetma.build/Debug-iphonesimulator/Budgetma.build/Budgetma.app-Simulated.xcent.der --raw

Ld /Users/big-z/Library/Developer/Xcode/DerivedData/Budgetma-ecrnksjfaapklsbgpumhciziwdlt/Build/Products/Debug-iphonesimulator/Budgetma.app/__preview.dylib normal (in target 'Budgetma' from project 'Budgetma')
    cd /Users/big-z/Documents/budgetma
    /Applications/Xcode.app/Contents/Developer/Toolchains/XcodeDefault.xctoolchain/usr/bin/clang -Xlinker -reproducible -target arm64-apple-ios26.2-simulator -dynamiclib -isysroot /Applications/Xcode.app/Contents/Developer/Platforms/iPhoneSimulator.platform/Developer/SDKs/iPhoneSimulator26.5.sdk -O0 -L/Users/big-z/Library/Developer/Xcode/DerivedData/Budgetma-ecrnksjfaapklsbgpumhciziwdlt/Build/Products/Debug-iphonesimulator -F/Users/big-z/Library/Developer/Xcode/DerivedData/Budgetma-ecrnksjfaapklsbgpumhciziwdlt/Build/Products/Debug-iphonesimulator -install_name @rpath/Budgetma.debug.dylib -Xlinker -dead_strip -rdynamic -Xlinker -no_deduplicate -Xlinker -objc_abi_version -Xlinker 2 -Xlinker -dependency_info -Xlinker /Users/big-z/Library/Developer/Xcode/DerivedData/Budgetma-ecrnksjfaapklsbgpumhciziwdlt/Build/Intermediates.noindex/Budgetma.build/Debug-iphonesimulator/Budgetma.build/Objects-normal/arm64/Budgetma_dependency_info.dat -Xlinker -sectcreate -Xlinker __TEXT -Xlinker __entitlements -Xlinker /Users/big-z/Library/Developer/Xcode/DerivedData/Budgetma-ecrnksjfaapklsbgpumhciziwdlt/Build/Intermediates.noindex/Budgetma.build/Debug-iphonesimulator/Budgetma.build/Budgetma.app-Simulated.xcent -Xlinker -sectcreate -Xlinker __TEXT -Xlinker __ents_der -Xlinker /Users/big-z/Library/Developer/Xcode/DerivedData/Budgetma-ecrnksjfaapklsbgpumhciziwdlt/Build/Intermediates.noindex/Budgetma.build/Debug-iphonesimulator/Budgetma.build/Budgetma.app-Simulated.xcent.der -Xlinker -no_adhoc_codesign -o /Users/big-z/Library/Developer/Xcode/DerivedData/Budgetma-ecrnksjfaapklsbgpumhciziwdlt/Build/Products/Debug-iphonesimulator/Budgetma.app/__preview.dylib

MkDir /Users/big-z/Library/Developer/Xcode/DerivedData/Budgetma-ecrnksjfaapklsbgpumhciziwdlt/Build/Intermediates.noindex/Budgetma.build/Debug-iphonesimulator/Budgetma.build/assetcatalog_output/unthinned (in target 'Budgetma' from project 'Budgetma')
    cd /Users/big-z/Documents/budgetma
    /bin/mkdir -p /Users/big-z/Library/Developer/Xcode/DerivedData/Budgetma-ecrnksjfaapklsbgpumhciziwdlt/Build/Intermediates.noindex/Budgetma.build/Debug-iphonesimulator/Budgetma.build/assetcatalog_output/unthinned

MkDir /Users/big-z/Library/Developer/Xcode/DerivedData/Budgetma-ecrnksjfaapklsbgpumhciziwdlt/Build/Intermediates.noindex/Budgetma.build/Debug-iphonesimulator/Budgetma.build/assetcatalog_output/thinned (in target 'Budgetma' from project 'Budgetma')
    cd /Users/big-z/Documents/budgetma
    /bin/mkdir -p /Users/big-z/Library/Developer/Xcode/DerivedData/Budgetma-ecrnksjfaapklsbgpumhciziwdlt/Build/Intermediates.noindex/Budgetma.build/Debug-iphonesimulator/Budgetma.build/assetcatalog_output/thinned

GenerateAssetSymbols /Users/big-z/Documents/budgetma/Budgetma/Assets.xcassets (in target 'Budgetma' from project 'Budgetma')
    cd /Users/big-z/Documents/budgetma
    /Applications/Xcode.app/Contents/Developer/usr/bin/actool /Users/big-z/Documents/budgetma/Budgetma/Assets.xcassets --compile /Users/big-z/Library/Developer/Xcode/DerivedData/Budgetma-ecrnksjfaapklsbgpumhciziwdlt/Build/Products/Debug-iphonesimulator/Budgetma.app --output-format human-readable-text --notices --warnings --export-dependency-info /Users/big-z/Library/Developer/Xcode/DerivedData/Budgetma-ecrnksjfaapklsbgpumhciziwdlt/Build/Intermediates.noindex/Budgetma.build/Debug-iphonesimulator/Budgetma.build/assetcatalog_dependencies --output-partial-info-plist /Users/big-z/Library/Developer/Xcode/DerivedData/Budgetma-ecrnksjfaapklsbgpumhciziwdlt/Build/Intermediates.noindex/Budgetma.build/Debug-iphonesimulator/Budgetma.build/assetcatalog_generated_info.plist --app-icon AppIcon --accent-color AccentColor --compress-pngs --enable-on-demand-resources YES --development-region en --target-device iphone --target-device ipad --minimum-deployment-target 26.2 --platform iphonesimulator --bundle-identifier the-kern.com.Budgetma --generate-swift-asset-symbols /Users/big-z/Library/Developer/Xcode/DerivedData/Budgetma-ecrnksjfaapklsbgpumhciziwdlt/Build/Intermediates.noindex/Budgetma.build/Debug-iphonesimulator/Budgetma.build/DerivedSources/GeneratedAssetSymbols.swift --generate-objc-asset-symbols /Users/big-z/Library/Developer/Xcode/DerivedData/Budgetma-ecrnksjfaapklsbgpumhciziwdlt/Build/Intermediates.noindex/Budgetma.build/Debug-iphonesimulator/Budgetma.build/DerivedSources/GeneratedAssetSymbols.h --generate-asset-symbol-index /Users/big-z/Library/Developer/Xcode/DerivedData/Budgetma-ecrnksjfaapklsbgpumhciziwdlt/Build/Intermediates.noindex/Budgetma.build/Debug-iphonesimulator/Budgetma.build/DerivedSources/GeneratedAssetSymbols-Index.plist
/* com.apple.actool.compilation-results */
/Users/big-z/Library/Developer/Xcode/DerivedData/Budgetma-ecrnksjfaapklsbgpumhciziwdlt/Build/Intermediates.noindex/Budgetma.build/Debug-iphonesimulator/Budgetma.build/DerivedSources/GeneratedAssetSymbols-Index.plist
/Users/big-z/Library/Developer/Xcode/DerivedData/Budgetma-ecrnksjfaapklsbgpumhciziwdlt/Build/Intermediates.noindex/Budgetma.build/Debug-iphonesimulator/Budgetma.build/DerivedSources/GeneratedAssetSymbols.h
/Users/big-z/Library/Developer/Xcode/DerivedData/Budgetma-ecrnksjfaapklsbgpumhciziwdlt/Build/Intermediates.noindex/Budgetma.build/Debug-iphonesimulator/Budgetma.build/DerivedSources/GeneratedAssetSymbols.swift


CompileAssetCatalogVariant thinned /Users/big-z/Library/Developer/Xcode/DerivedData/Budgetma-ecrnksjfaapklsbgpumhciziwdlt/Build/Products/Debug-iphonesimulator/Budgetma.app /Users/big-z/Documents/budgetma/Budgetma/Assets.xcassets (in target 'Budgetma' from project 'Budgetma')
    cd /Users/big-z/Documents/budgetma
    /Applications/Xcode.app/Contents/Developer/usr/bin/actool /Users/big-z/Documents/budgetma/Budgetma/Assets.xcassets --compile /Users/big-z/Library/Developer/Xcode/DerivedData/Budgetma-ecrnksjfaapklsbgpumhciziwdlt/Build/Intermediates.noindex/Budgetma.build/Debug-iphonesimulator/Budgetma.build/assetcatalog_output/thinned --output-format human-readable-text --notices --warnings --export-dependency-info /Users/big-z/Library/Developer/Xcode/DerivedData/Budgetma-ecrnksjfaapklsbgpumhciziwdlt/Build/Intermediates.noindex/Budgetma.build/Debug-iphonesimulator/Budgetma.build/assetcatalog_dependencies_thinned --output-partial-info-plist /Users/big-z/Library/Developer/Xcode/DerivedData/Budgetma-ecrnksjfaapklsbgpumhciziwdlt/Build/Intermediates.noindex/Budgetma.build/Debug-iphonesimulator/Budgetma.build/assetcatalog_generated_info.plist_thinned --app-icon AppIcon --accent-color AccentColor --compress-pngs --enable-on-demand-resources YES --filter-for-thinning-device-configuration iPhone18,1 --filter-for-device-os-version 26.5 --development-region en --target-device iphone --target-device ipad --minimum-deployment-target 26.2 --platform iphonesimulator
/* com.apple.actool.compilation-results */
/Users/big-z/Library/Developer/Xcode/DerivedData/Budgetma-ecrnksjfaapklsbgpumhciziwdlt/Build/Intermediates.noindex/Budgetma.build/Debug-iphonesimulator/Budgetma.build/assetcatalog_generated_info.plist_thinned


LinkAssetCatalog /Users/big-z/Documents/budgetma/Budgetma/Assets.xcassets (in target 'Budgetma' from project 'Budgetma')
    cd /Users/big-z/Documents/budgetma
    builtin-linkAssetCatalog --thinned /Users/big-z/Library/Developer/Xcode/DerivedData/Budgetma-ecrnksjfaapklsbgpumhciziwdlt/Build/Intermediates.noindex/Budgetma.build/Debug-iphonesimulator/Budgetma.build/assetcatalog_output/thinned --thinned-dependencies /Users/big-z/Library/Developer/Xcode/DerivedData/Budgetma-ecrnksjfaapklsbgpumhciziwdlt/Build/Intermediates.noindex/Budgetma.build/Debug-iphonesimulator/Budgetma.build/assetcatalog_dependencies_thinned --thinned-info-plist-content /Users/big-z/Library/Developer/Xcode/DerivedData/Budgetma-ecrnksjfaapklsbgpumhciziwdlt/Build/Intermediates.noindex/Budgetma.build/Debug-iphonesimulator/Budgetma.build/assetcatalog_generated_info.plist_thinned --unthinned /Users/big-z/Library/Developer/Xcode/DerivedData/Budgetma-ecrnksjfaapklsbgpumhciziwdlt/Build/Intermediates.noindex/Budgetma.build/Debug-iphonesimulator/Budgetma.build/assetcatalog_output/unthinned --unthinned-dependencies /Users/big-z/Library/Developer/Xcode/DerivedData/Budgetma-ecrnksjfaapklsbgpumhciziwdlt/Build/Intermediates.noindex/Budgetma.build/Debug-iphonesimulator/Budgetma.build/assetcatalog_dependencies_unthinned --unthinned-info-plist-content /Users/big-z/Library/Developer/Xcode/DerivedData/Budgetma-ecrnksjfaapklsbgpumhciziwdlt/Build/Intermediates.noindex/Budgetma.build/Debug-iphonesimulator/Budgetma.build/assetcatalog_generated_info.plist_unthinned --output /Users/big-z/Library/Developer/Xcode/DerivedData/Budgetma-ecrnksjfaapklsbgpumhciziwdlt/Build/Products/Debug-iphonesimulator/Budgetma.app --plist-output /Users/big-z/Library/Developer/Xcode/DerivedData/Budgetma-ecrnksjfaapklsbgpumhciziwdlt/Build/Intermediates.noindex/Budgetma.build/Debug-iphonesimulator/Budgetma.build/assetcatalog_generated_info.plist

ProcessInfoPlistFile /Users/big-z/Library/Developer/Xcode/DerivedData/Budgetma-ecrnksjfaapklsbgpumhciziwdlt/Build/Products/Debug-iphonesimulator/Budgetma.app/Info.plist /Users/big-z/Library/Developer/Xcode/DerivedData/Budgetma-ecrnksjfaapklsbgpumhciziwdlt/Build/Intermediates.noindex/Budgetma.build/Debug-iphonesimulator/Budgetma.build/empty-Budgetma.plist (in target 'Budgetma' from project 'Budgetma')
    cd /Users/big-z/Documents/budgetma
    builtin-infoPlistUtility /Users/big-z/Library/Developer/Xcode/DerivedData/Budgetma-ecrnksjfaapklsbgpumhciziwdlt/Build/Intermediates.noindex/Budgetma.build/Debug-iphonesimulator/Budgetma.build/empty-Budgetma.plist -producttype com.apple.product-type.application -genpkginfo /Users/big-z/Library/Developer/Xcode/DerivedData/Budgetma-ecrnksjfaapklsbgpumhciziwdlt/Build/Products/Debug-iphonesimulator/Budgetma.app/PkgInfo -expandbuildsettings -format binary -platform iphonesimulator -additionalcontentfile /Users/big-z/Library/Developer/Xcode/DerivedData/Budgetma-ecrnksjfaapklsbgpumhciziwdlt/Build/Intermediates.noindex/Budgetma.build/Debug-iphonesimulator/Budgetma.build/assetcatalog_generated_info.plist -o /Users/big-z/Library/Developer/Xcode/DerivedData/Budgetma-ecrnksjfaapklsbgpumhciziwdlt/Build/Products/Debug-iphonesimulator/Budgetma.app/Info.plist

SwiftDriver Budgetma normal arm64 com.apple.xcode.tools.swift.compiler (in target 'Budgetma' from project 'Budgetma')
    cd /Users/big-z/Documents/budgetma
    builtin-SwiftDriver -- /Applications/Xcode.app/Contents/Developer/Toolchains/XcodeDefault.xctoolchain/usr/bin/swiftc -module-name Budgetma -Onone @/Users/big-z/Library/Developer/Xcode/DerivedData/Budgetma-ecrnksjfaapklsbgpumhciziwdlt/Build/Intermediates.noindex/Budgetma.build/Debug-iphonesimulator/Budgetma.build/Objects-normal/arm64/Budgetma.SwiftFileList -DDEBUG -default-isolation\=MainActor -enable-bare-slash-regex -enable-upcoming-feature DisableOutwardActorInference -enable-upcoming-feature InferSendableFromCaptures -enable-upcoming-feature GlobalActorIsolatedTypesUsability -enable-upcoming-feature MemberImportVisibility -enable-upcoming-feature InferIsolatedConformances -enable-upcoming-feature NonisolatedNonsendingByDefault -enable-experimental-feature DebugDescriptionMacro -sdk /Applications/Xcode.app/Contents/Developer/Platforms/iPhoneSimulator.platform/Developer/SDKs/iPhoneSimulator26.5.sdk -target arm64-apple-ios26.2-simulator -g -module-cache-path /Users/big-z/Library/Developer/Xcode/DerivedData/ModuleCache.noindex -Xfrontend -serialize-debugging-options -enable-testing -index-store-path /Users/big-z/Library/Developer/Xcode/DerivedData/Budgetma-ecrnksjfaapklsbgpumhciziwdlt/Index.noindex/DataStore -Xcc -D_LIBCPP_HARDENING_MODE\=_LIBCPP_HARDENING_MODE_DEBUG -swift-version 5 -I /Users/big-z/Library/Developer/Xcode/DerivedData/Budgetma-ecrnksjfaapklsbgpumhciziwdlt/Build/Products/Debug-iphonesimulator -F /Users/big-z/Library/Developer/Xcode/DerivedData/Budgetma-ecrnksjfaapklsbgpumhciziwdlt/Build/Products/Debug-iphonesimulator -emit-localized-strings -emit-localized-strings-path /Users/big-z/Library/Developer/Xcode/DerivedData/Budgetma-ecrnksjfaapklsbgpumhciziwdlt/Build/Intermediates.noindex/Budgetma.build/Debug-iphonesimulator/Budgetma.build/Objects-normal/arm64 -c -j6 -enable-batch-mode -incremental -Xcc -ivfsstatcache -Xcc /Users/big-z/Library/Developer/Xcode/DerivedData/SDKStatCaches.noindex/iphonesimulator26.5-23F73-6cfe768891a92b912361537c460fe42b.sdkstatcache -output-file-map /Users/big-z/Library/Developer/Xcode/DerivedData/Budgetma-ecrnksjfaapklsbgpumhciziwdlt/Build/Intermediates.noindex/Budgetma.build/Debug-iphonesimulator/Budgetma.build/Objects-normal/arm64/Budgetma-OutputFileMap.json -use-frontend-parseable-output -save-temps -no-color-diagnostics -explicit-module-build -module-cache-path /Users/big-z/Library/Developer/Xcode/DerivedData/Budgetma-ecrnksjfaapklsbgpumhciziwdlt/Build/Intermediates.noindex/SwiftExplicitPrecompiledModules -clang-scanner-module-cache-path /Users/big-z/Library/Developer/Xcode/DerivedData/ModuleCache.noindex -sdk-module-cache-path /Users/big-z/Library/Developer/Xcode/DerivedData/ModuleCache.noindex -serialize-diagnostics -emit-dependencies -emit-module -emit-module-path /Users/big-z/Library/Developer/Xcode/DerivedData/Budgetma-ecrnksjfaapklsbgpumhciziwdlt/Build/Intermediates.noindex/Budgetma.build/Debug-iphonesimulator/Budgetma.build/Objects-normal/arm64/Budgetma.swiftmodule -validate-clang-modules-once -clang-build-session-file /Users/big-z/Library/Developer/Xcode/DerivedData/ModuleCache.noindex/Session.modulevalidation -Xcc -I/Users/big-z/Library/Developer/Xcode/DerivedData/Budgetma-ecrnksjfaapklsbgpumhciziwdlt/Build/Intermediates.noindex/Budgetma.build/Debug-iphonesimulator/Budgetma.build/swift-overrides.hmap -emit-const-values -Xfrontend -const-gather-protocols-file -Xfrontend /Users/big-z/Library/Developer/Xcode/DerivedData/Budgetma-ecrnksjfaapklsbgpumhciziwdlt/Build/Intermediates.noindex/Budgetma.build/Debug-iphonesimulator/Budgetma.build/Objects-normal/arm64/Budgetma_const_extract_protocols.json -Xcc -iquote -Xcc /Users/big-z/Library/Developer/Xcode/DerivedData/Budgetma-ecrnksjfaapklsbgpumhciziwdlt/Build/Intermediates.noindex/Budgetma.build/Debug-iphonesimulator/Budgetma.build/Budgetma-generated-files.hmap -Xcc -I/Users/big-z/Library/Developer/Xcode/DerivedData/Budgetma-ecrnksjfaapklsbgpumhciziwdlt/Build/Intermediates.noindex/Budgetma.build/Debug-iphonesimulator/Budgetma.build/Budgetma-own-target-headers.hmap -Xcc -I/Users/big-z/Library/Developer/Xcode/DerivedData/Budgetma-ecrnksjfaapklsbgpumhciziwdlt/Build/Intermediates.noindex/Budgetma.build/Debug-iphonesimulator/Budgetma.build/Budgetma-all-target-headers.hmap -Xcc -iquote -Xcc /Users/big-z/Library/Developer/Xcode/DerivedData/Budgetma-ecrnksjfaapklsbgpumhciziwdlt/Build/Intermediates.noindex/Budgetma.build/Debug-iphonesimulator/Budgetma.build/Budgetma-project-headers.hmap -Xcc -I/Users/big-z/Library/Developer/Xcode/DerivedData/Budgetma-ecrnksjfaapklsbgpumhciziwdlt/Build/Products/Debug-iphonesimulator/include -Xcc -I/Users/big-z/Library/Developer/Xcode/DerivedData/Budgetma-ecrnksjfaapklsbgpumhciziwdlt/Build/Intermediates.noindex/Budgetma.build/Debug-iphonesimulator/Budgetma.build/DerivedSources-normal/arm64 -Xcc -I/Users/big-z/Library/Developer/Xcode/DerivedData/Budgetma-ecrnksjfaapklsbgpumhciziwdlt/Build/Intermediates.noindex/Budgetma.build/Debug-iphonesimulator/Budgetma.build/DerivedSources/arm64 -Xcc -I/Users/big-z/Library/Developer/Xcode/DerivedData/Budgetma-ecrnksjfaapklsbgpumhciziwdlt/Build/Intermediates.noindex/Budgetma.build/Debug-iphonesimulator/Budgetma.build/DerivedSources -Xcc -DDEBUG\=1 -emit-objc-header -emit-objc-header-path /Users/big-z/Library/Developer/Xcode/DerivedData/Budgetma-ecrnksjfaapklsbgpumhciziwdlt/Build/Intermediates.noindex/Budgetma.build/Debug-iphonesimulator/Budgetma.build/Objects-normal/arm64/Budgetma-Swift.h -working-directory /Users/big-z/Documents/budgetma -experimental-emit-module-separately -disable-cmo

SwiftCompile normal arm64 Compiling\ ContentView.swift /Users/big-z/Documents/budgetma/Budgetma/Views/ContentView.swift (in target 'Budgetma' from project 'Budgetma')

SwiftCompile normal arm64 /Users/big-z/Documents/budgetma/Budgetma/Views/ContentView.swift (in target 'Budgetma' from project 'Budgetma')
    cd /Users/big-z/Documents/budgetma
    

SwiftEmitModule normal arm64 Emitting\ module\ for\ Budgetma (in target 'Budgetma' from project 'Budgetma')

EmitSwiftModule normal arm64 (in target 'Budgetma' from project 'Budgetma')
    cd /Users/big-z/Documents/budgetma
    

SwiftCompile normal arm64 Compiling\ GeneratedAssetSymbols.swift /Users/big-z/Library/Developer/Xcode/DerivedData/Budgetma-ecrnksjfaapklsbgpumhciziwdlt/Build/Intermediates.noindex/Budgetma.build/Debug-iphonesimulator/Budgetma.build/DerivedSources/GeneratedAssetSymbols.swift (in target 'Budgetma' from project 'Budgetma')
SwiftCompile normal arm64 /Users/big-z/Library/Developer/Xcode/DerivedData/Budgetma-ecrnksjfaapklsbgpumhciziwdlt/Build/Intermediates.noindex/Budgetma.build/Debug-iphonesimulator/Budgetma.build/DerivedSources/GeneratedAssetSymbols.swift (in target 'Budgetma' from project 'Budgetma')
    cd /Users/big-z/Documents/budgetma
    

SwiftCompile normal arm64 Compiling\ SettingsView.swift /Users/big-z/Documents/budgetma/Budgetma/Views/SettingsView.swift (in target 'Budgetma' from project 'Budgetma')

SwiftCompile normal arm64 /Users/big-z/Documents/budgetma/Budgetma/Views/SettingsView.swift (in target 'Budgetma' from project 'Budgetma')
    cd /Users/big-z/Documents/budgetma
    

SwiftCompile normal arm64 Compiling\ TabBar.swift /Users/big-z/Documents/budgetma/Budgetma/Views/Components/TabBar.swift (in target 'Budgetma' from project 'Budgetma')

SwiftCompile normal arm64 /Users/big-z/Documents/budgetma/Budgetma/Views/Components/TabBar.swift (in target 'Budgetma' from project 'Budgetma')
    cd /Users/big-z/Documents/budgetma
    

SwiftCompile normal arm64 Compiling\ BudgetmaApp.swift /Users/big-z/Documents/budgetma/Budgetma/BudgetmaApp.swift (in target 'Budgetma' from project 'Budgetma')

SwiftCompile normal arm64 /Users/big-z/Documents/budgetma/Budgetma/BudgetmaApp.swift (in target 'Budgetma' from project 'Budgetma')
    cd /Users/big-z/Documents/budgetma
    

SwiftDriverJobDiscovery normal arm64 Emitting module for Budgetma (in target 'Budgetma' from project 'Budgetma')

SwiftDriver\ Compilation\ Requirements Budgetma normal arm64 com.apple.xcode.tools.swift.compiler (in target 'Budgetma' from project 'Budgetma')
    cd /Users/big-z/Documents/budgetma
    builtin-Swift-Compilation-Requirements -- /Applications/Xcode.app/Contents/Developer/Toolchains/XcodeDefault.xctoolchain/usr/bin/swiftc -module-name Budgetma -Onone @/Users/big-z/Library/Developer/Xcode/DerivedData/Budgetma-ecrnksjfaapklsbgpumhciziwdlt/Build/Intermediates.noindex/Budgetma.build/Debug-iphonesimulator/Budgetma.build/Objects-normal/arm64/Budgetma.SwiftFileList -DDEBUG -default-isolation\=MainActor -enable-bare-slash-regex -enable-upcoming-feature DisableOutwardActorInference -enable-upcoming-feature InferSendableFromCaptures -enable-upcoming-feature GlobalActorIsolatedTypesUsability -enable-upcoming-feature MemberImportVisibility -enable-upcoming-feature InferIsolatedConformances -enable-upcoming-feature NonisolatedNonsendingByDefault -enable-experimental-feature DebugDescriptionMacro -sdk /Applications/Xcode.app/Contents/Developer/Platforms/iPhoneSimulator.platform/Developer/SDKs/iPhoneSimulator26.5.sdk -target arm64-apple-ios26.2-simulator -g -module-cache-path /Users/big-z/Library/Developer/Xcode/DerivedData/ModuleCache.noindex -Xfrontend -serialize-debugging-options -enable-testing -index-store-path /Users/big-z/Library/Developer/Xcode/DerivedData/Budgetma-ecrnksjfaapklsbgpumhciziwdlt/Index.noindex/DataStore -Xcc -D_LIBCPP_HARDENING_MODE\=_LIBCPP_HARDENING_MODE_DEBUG -swift-version 5 -I /Users/big-z/Library/Developer/Xcode/DerivedData/Budgetma-ecrnksjfaapklsbgpumhciziwdlt/Build/Products/Debug-iphonesimulator -F /Users/big-z/Library/Developer/Xcode/DerivedData/Budgetma-ecrnksjfaapklsbgpumhciziwdlt/Build/Products/Debug-iphonesimulator -emit-localized-strings -emit-localized-strings-path /Users/big-z/Library/Developer/Xcode/DerivedData/Budgetma-ecrnksjfaapklsbgpumhciziwdlt/Build/Intermediates.noindex/Budgetma.build/Debug-iphonesimulator/Budgetma.build/Objects-normal/arm64 -c -j6 -enable-batch-mode -incremental -Xcc -ivfsstatcache -Xcc /Users/big-z/Library/Developer/Xcode/DerivedData/SDKStatCaches.noindex/iphonesimulator26.5-23F73-6cfe768891a92b912361537c460fe42b.sdkstatcache -output-file-map /Users/big-z/Library/Developer/Xcode/DerivedData/Budgetma-ecrnksjfaapklsbgpumhciziwdlt/Build/Intermediates.noindex/Budgetma.build/Debug-iphonesimulator/Budgetma.build/Objects-normal/arm64/Budgetma-OutputFileMap.json -use-frontend-parseable-output -save-temps -no-color-diagnostics -explicit-module-build -module-cache-path /Users/big-z/Library/Developer/Xcode/DerivedData/Budgetma-ecrnksjfaapklsbgpumhciziwdlt/Build/Intermediates.noindex/SwiftExplicitPrecompiledModules -clang-scanner-module-cache-path /Users/big-z/Library/Developer/Xcode/DerivedData/ModuleCache.noindex -sdk-module-cache-path /Users/big-z/Library/Developer/Xcode/DerivedData/ModuleCache.noindex -serialize-diagnostics -emit-dependencies -emit-module -emit-module-path /Users/big-z/Library/Developer/Xcode/DerivedData/Budgetma-ecrnksjfaapklsbgpumhciziwdlt/Build/Intermediates.noindex/Budgetma.build/Debug-iphonesimulator/Budgetma.build/Objects-normal/arm64/Budgetma.swiftmodule -validate-clang-modules-once -clang-build-session-file /Users/big-z/Library/Developer/Xcode/DerivedData/ModuleCache.noindex/Session.modulevalidation -Xcc -I/Users/big-z/Library/Developer/Xcode/DerivedData/Budgetma-ecrnksjfaapklsbgpumhciziwdlt/Build/Intermediates.noindex/Budgetma.build/Debug-iphonesimulator/Budgetma.build/swift-overrides.hmap -emit-const-values -Xfrontend -const-gather-protocols-file -Xfrontend /Users/big-z/Library/Developer/Xcode/DerivedData/Budgetma-ecrnksjfaapklsbgpumhciziwdlt/Build/Intermediates.noindex/Budgetma.build/Debug-iphonesimulator/Budgetma.build/Objects-normal/arm64/Budgetma_const_extract_protocols.json -Xcc -iquote -Xcc /Users/big-z/Library/Developer/Xcode/DerivedData/Budgetma-ecrnksjfaapklsbgpumhciziwdlt/Build/Intermediates.noindex/Budgetma.build/Debug-iphonesimulator/Budgetma.build/Budgetma-generated-files.hmap -Xcc -I/Users/big-z/Library/Developer/Xcode/DerivedData/Budgetma-ecrnksjfaapklsbgpumhciziwdlt/Build/Intermediates.noindex/Budgetma.build/Debug-iphonesimulator/Budgetma.build/Budgetma-own-target-headers.hmap -Xcc -I/Users/big-z/Library/Developer/Xcode/DerivedData/Budgetma-ecrnksjfaapklsbgpumhciziwdlt/Build/Intermediates.noindex/Budgetma.build/Debug-iphonesimulator/Budgetma.build/Budgetma-all-target-headers.hmap -Xcc -iquote -Xcc /Users/big-z/Library/Developer/Xcode/DerivedData/Budgetma-ecrnksjfaapklsbgpumhciziwdlt/Build/Intermediates.noindex/Budgetma.build/Debug-iphonesimulator/Budgetma.build/Budgetma-project-headers.hmap -Xcc -I/Users/big-z/Library/Developer/Xcode/DerivedData/Budgetma-ecrnksjfaapklsbgpumhciziwdlt/Build/Products/Debug-iphonesimulator/include -Xcc -I/Users/big-z/Library/Developer/Xcode/DerivedData/Budgetma-ecrnksjfaapklsbgpumhciziwdlt/Build/Intermediates.noindex/Budgetma.build/Debug-iphonesimulator/Budgetma.build/DerivedSources-normal/arm64 -Xcc -I/Users/big-z/Library/Developer/Xcode/DerivedData/Budgetma-ecrnksjfaapklsbgpumhciziwdlt/Build/Intermediates.noindex/Budgetma.build/Debug-iphonesimulator/Budgetma.build/DerivedSources/arm64 -Xcc -I/Users/big-z/Library/Developer/Xcode/DerivedData/Budgetma-ecrnksjfaapklsbgpumhciziwdlt/Build/Intermediates.noindex/Budgetma.build/Debug-iphonesimulator/Budgetma.build/DerivedSources -Xcc -DDEBUG\=1 -emit-objc-header -emit-objc-header-path /Users/big-z/Library/Developer/Xcode/DerivedData/Budgetma-ecrnksjfaapklsbgpumhciziwdlt/Build/Intermediates.noindex/Budgetma.build/Debug-iphonesimulator/Budgetma.build/Objects-normal/arm64/Budgetma-Swift.h -working-directory /Users/big-z/Documents/budgetma -experimental-emit-module-separately -disable-cmo

SwiftMergeGeneratedHeaders /Users/big-z/Library/Developer/Xcode/DerivedData/Budgetma-ecrnksjfaapklsbgpumhciziwdlt/Build/Intermediates.noindex/Budgetma.build/Debug-iphonesimulator/Budgetma.build/DerivedSources/Budgetma-Swift.h /Users/big-z/Library/Developer/Xcode/DerivedData/Budgetma-ecrnksjfaapklsbgpumhciziwdlt/Build/Intermediates.noindex/Budgetma.build/Debug-iphonesimulator/Budgetma.build/Objects-normal/arm64/Budgetma-Swift.h (in target 'Budgetma' from project 'Budgetma')
    cd /Users/big-z/Documents/budgetma
    builtin-swiftHeaderTool -arch arm64 /Users/big-z/Library/Developer/Xcode/DerivedData/Budgetma-ecrnksjfaapklsbgpumhciziwdlt/Build/Intermediates.noindex/Budgetma.build/Debug-iphonesimulator/Budgetma.build/Objects-normal/arm64/Budgetma-Swift.h -o /Users/big-z/Library/Developer/Xcode/DerivedData/Budgetma-ecrnksjfaapklsbgpumhciziwdlt/Build/Intermediates.noindex/Budgetma.build/Debug-iphonesimulator/Budgetma.build/DerivedSources/Budgetma-Swift.h

Copy /Users/big-z/Library/Developer/Xcode/DerivedData/Budgetma-ecrnksjfaapklsbgpumhciziwdlt/Build/Products/Debug-iphonesimulator/Budgetma.swiftmodule/arm64-apple-ios-simulator.swiftmodule /Users/big-z/Library/Developer/Xcode/DerivedData/Budgetma-ecrnksjfaapklsbgpumhciziwdlt/Build/Intermediates.noindex/Budgetma.build/Debug-iphonesimulator/Budgetma.build/Objects-normal/arm64/Budgetma.swiftmodule (in target 'Budgetma' from project 'Budgetma')
    cd /Users/big-z/Documents/budgetma
    builtin-copy -exclude .DS_Store -exclude CVS -exclude .svn -exclude .git -exclude .hg -resolve-src-symlinks -rename /Users/big-z/Library/Developer/Xcode/DerivedData/Budgetma-ecrnksjfaapklsbgpumhciziwdlt/Build/Intermediates.noindex/Budgetma.build/Debug-iphonesimulator/Budgetma.build/Objects-normal/arm64/Budgetma.swiftmodule /Users/big-z/Library/Developer/Xcode/DerivedData/Budgetma-ecrnksjfaapklsbgpumhciziwdlt/Build/Products/Debug-iphonesimulator/Budgetma.swiftmodule/arm64-apple-ios-simulator.swiftmodule

Copy /Users/big-z/Library/Developer/Xcode/DerivedData/Budgetma-ecrnksjfaapklsbgpumhciziwdlt/Build/Products/Debug-iphonesimulator/Budgetma.swiftmodule/arm64-apple-ios-simulator.swiftdoc /Users/big-z/Library/Developer/Xcode/DerivedData/Budgetma-ecrnksjfaapklsbgpumhciziwdlt/Build/Intermediates.noindex/Budgetma.build/Debug-iphonesimulator/Budgetma.build/Objects-normal/arm64/Budgetma.swiftdoc (in target 'Budgetma' from project 'Budgetma')
    cd /Users/big-z/Documents/budgetma
    builtin-copy -exclude .DS_Store -exclude CVS -exclude .svn -exclude .git -exclude .hg -resolve-src-symlinks -rename /Users/big-z/Library/Developer/Xcode/DerivedData/Budgetma-ecrnksjfaapklsbgpumhciziwdlt/Build/Intermediates.noindex/Budgetma.build/Debug-iphonesimulator/Budgetma.build/Objects-normal/arm64/Budgetma.swiftdoc /Users/big-z/Library/Developer/Xcode/DerivedData/Budgetma-ecrnksjfaapklsbgpumhciziwdlt/Build/Products/Debug-iphonesimulator/Budgetma.swiftmodule/arm64-apple-ios-simulator.swiftdoc

Copy /Users/big-z/Library/Developer/Xcode/DerivedData/Budgetma-ecrnksjfaapklsbgpumhciziwdlt/Build/Products/Debug-iphonesimulator/Budgetma.swiftmodule/arm64-apple-ios-simulator.abi.json /Users/big-z/Library/Developer/Xcode/DerivedData/Budgetma-ecrnksjfaapklsbgpumhciziwdlt/Build/Intermediates.noindex/Budgetma.build/Debug-iphonesimulator/Budgetma.build/Objects-normal/arm64/Budgetma.abi.json (in target 'Budgetma' from project 'Budgetma')
    cd /Users/big-z/Documents/budgetma
    builtin-copy -exclude .DS_Store -exclude CVS -exclude .svn -exclude .git -exclude .hg -resolve-src-symlinks -rename /Users/big-z/Library/Developer/Xcode/DerivedData/Budgetma-ecrnksjfaapklsbgpumhciziwdlt/Build/Intermediates.noindex/Budgetma.build/Debug-iphonesimulator/Budgetma.build/Objects-normal/arm64/Budgetma.abi.json /Users/big-z/Library/Developer/Xcode/DerivedData/Budgetma-ecrnksjfaapklsbgpumhciziwdlt/Build/Products/Debug-iphonesimulator/Budgetma.swiftmodule/arm64-apple-ios-simulator.abi.json

Copy /Users/big-z/Library/Developer/Xcode/DerivedData/Budgetma-ecrnksjfaapklsbgpumhciziwdlt/Build/Products/Debug-iphonesimulator/Budgetma.swiftmodule/Project/arm64-apple-ios-simulator.swiftsourceinfo /Users/big-z/Library/Developer/Xcode/DerivedData/Budgetma-ecrnksjfaapklsbgpumhciziwdlt/Build/Intermediates.noindex/Budgetma.build/Debug-iphonesimulator/Budgetma.build/Objects-normal/arm64/Budgetma.swiftsourceinfo (in target 'Budgetma' from project 'Budgetma')
    cd /Users/big-z/Documents/budgetma
    builtin-copy -exclude .DS_Store -exclude CVS -exclude .svn -exclude .git -exclude .hg -resolve-src-symlinks -rename /Users/big-z/Library/Developer/Xcode/DerivedData/Budgetma-ecrnksjfaapklsbgpumhciziwdlt/Build/Intermediates.noindex/Budgetma.build/Debug-iphonesimulator/Budgetma.build/Objects-normal/arm64/Budgetma.swiftsourceinfo /Users/big-z/Library/Developer/Xcode/DerivedData/Budgetma-ecrnksjfaapklsbgpumhciziwdlt/Build/Products/Debug-iphonesimulator/Budgetma.swiftmodule/Project/arm64-apple-ios-simulator.swiftsourceinfo

SwiftDriverJobDiscovery normal arm64 Compiling BudgetmaApp.swift (in target 'Budgetma' from project 'Budgetma')

SwiftDriverJobDiscovery normal arm64 Compiling ContentView.swift (in target 'Budgetma' from project 'Budgetma')

SwiftDriverJobDiscovery normal arm64 Compiling SettingsView.swift (in target 'Budgetma' from project 'Budgetma')

SwiftDriverJobDiscovery normal arm64 Compiling TabBar.swift (in target 'Budgetma' from project 'Budgetma')

SwiftDriverJobDiscovery normal arm64 Compiling GeneratedAssetSymbols.swift (in target 'Budgetma' from project 'Budgetma')

SwiftDriver\ Compilation Budgetma normal arm64 com.apple.xcode.tools.swift.compiler (in target 'Budgetma' from project 'Budgetma')
    cd /Users/big-z/Documents/budgetma
    builtin-Swift-Compilation -- /Applications/Xcode.app/Contents/Developer/Toolchains/XcodeDefault.xctoolchain/usr/bin/swiftc -module-name Budgetma -Onone @/Users/big-z/Library/Developer/Xcode/DerivedData/Budgetma-ecrnksjfaapklsbgpumhciziwdlt/Build/Intermediates.noindex/Budgetma.build/Debug-iphonesimulator/Budgetma.build/Objects-normal/arm64/Budgetma.SwiftFileList -DDEBUG -default-isolation\=MainActor -enable-bare-slash-regex -enable-upcoming-feature DisableOutwardActorInference -enable-upcoming-feature InferSendableFromCaptures -enable-upcoming-feature GlobalActorIsolatedTypesUsability -enable-upcoming-feature MemberImportVisibility -enable-upcoming-feature InferIsolatedConformances -enable-upcoming-feature NonisolatedNonsendingByDefault -enable-experimental-feature DebugDescriptionMacro -sdk /Applications/Xcode.app/Contents/Developer/Platforms/iPhoneSimulator.platform/Developer/SDKs/iPhoneSimulator26.5.sdk -target arm64-apple-ios26.2-simulator -g -module-cache-path /Users/big-z/Library/Developer/Xcode/DerivedData/ModuleCache.noindex -Xfrontend -serialize-debugging-options -enable-testing -index-store-path /Users/big-z/Library/Developer/Xcode/DerivedData/Budgetma-ecrnksjfaapklsbgpumhciziwdlt/Index.noindex/DataStore -Xcc -D_LIBCPP_HARDENING_MODE\=_LIBCPP_HARDENING_MODE_DEBUG -swift-version 5 -I /Users/big-z/Library/Developer/Xcode/DerivedData/Budgetma-ecrnksjfaapklsbgpumhciziwdlt/Build/Products/Debug-iphonesimulator -F /Users/big-z/Library/Developer/Xcode/DerivedData/Budgetma-ecrnksjfaapklsbgpumhciziwdlt/Build/Products/Debug-iphonesimulator -emit-localized-strings -emit-localized-strings-path /Users/big-z/Library/Developer/Xcode/DerivedData/Budgetma-ecrnksjfaapklsbgpumhciziwdlt/Build/Intermediates.noindex/Budgetma.build/Debug-iphonesimulator/Budgetma.build/Objects-normal/arm64 -c -j6 -enable-batch-mode -incremental -Xcc -ivfsstatcache -Xcc /Users/big-z/Library/Developer/Xcode/DerivedData/SDKStatCaches.noindex/iphonesimulator26.5-23F73-6cfe768891a92b912361537c460fe42b.sdkstatcache -output-file-map /Users/big-z/Library/Developer/Xcode/DerivedData/Budgetma-ecrnksjfaapklsbgpumhciziwdlt/Build/Intermediates.noindex/Budgetma.build/Debug-iphonesimulator/Budgetma.build/Objects-normal/arm64/Budgetma-OutputFileMap.json -use-frontend-parseable-output -save-temps -no-color-diagnostics -explicit-module-build -module-cache-path /Users/big-z/Library/Developer/Xcode/DerivedData/Budgetma-ecrnksjfaapklsbgpumhciziwdlt/Build/Intermediates.noindex/SwiftExplicitPrecompiledModules -clang-scanner-module-cache-path /Users/big-z/Library/Developer/Xcode/DerivedData/ModuleCache.noindex -sdk-module-cache-path /Users/big-z/Library/Developer/Xcode/DerivedData/ModuleCache.noindex -serialize-diagnostics -emit-dependencies -emit-module -emit-module-path /Users/big-z/Library/Developer/Xcode/DerivedData/Budgetma-ecrnksjfaapklsbgpumhciziwdlt/Build/Intermediates.noindex/Budgetma.build/Debug-iphonesimulator/Budgetma.build/Objects-normal/arm64/Budgetma.swiftmodule -validate-clang-modules-once -clang-build-session-file /Users/big-z/Library/Developer/Xcode/DerivedData/ModuleCache.noindex/Session.modulevalidation -Xcc -I/Users/big-z/Library/Developer/Xcode/DerivedData/Budgetma-ecrnksjfaapklsbgpumhciziwdlt/Build/Intermediates.noindex/Budgetma.build/Debug-iphonesimulator/Budgetma.build/swift-overrides.hmap -emit-const-values -Xfrontend -const-gather-protocols-file -Xfrontend /Users/big-z/Library/Developer/Xcode/DerivedData/Budgetma-ecrnksjfaapklsbgpumhciziwdlt/Build/Intermediates.noindex/Budgetma.build/Debug-iphonesimulator/Budgetma.build/Objects-normal/arm64/Budgetma_const_extract_protocols.json -Xcc -iquote -Xcc /Users/big-z/Library/Developer/Xcode/DerivedData/Budgetma-ecrnksjfaapklsbgpumhciziwdlt/Build/Intermediates.noindex/Budgetma.build/Debug-iphonesimulator/Budgetma.build/Budgetma-generated-files.hmap -Xcc -I/Users/big-z/Library/Developer/Xcode/DerivedData/Budgetma-ecrnksjfaapklsbgpumhciziwdlt/Build/Intermediates.noindex/Budgetma.build/Debug-iphonesimulator/Budgetma.build/Budgetma-own-target-headers.hmap -Xcc -I/Users/big-z/Library/Developer/Xcode/DerivedData/Budgetma-ecrnksjfaapklsbgpumhciziwdlt/Build/Intermediates.noindex/Budgetma.build/Debug-iphonesimulator/Budgetma.build/Budgetma-all-target-headers.hmap -Xcc -iquote -Xcc /Users/big-z/Library/Developer/Xcode/DerivedData/Budgetma-ecrnksjfaapklsbgpumhciziwdlt/Build/Intermediates.noindex/Budgetma.build/Debug-iphonesimulator/Budgetma.build/Budgetma-project-headers.hmap -Xcc -I/Users/big-z/Library/Developer/Xcode/DerivedData/Budgetma-ecrnksjfaapklsbgpumhciziwdlt/Build/Products/Debug-iphonesimulator/include -Xcc -I/Users/big-z/Library/Developer/Xcode/DerivedData/Budgetma-ecrnksjfaapklsbgpumhciziwdlt/Build/Intermediates.noindex/Budgetma.build/Debug-iphonesimulator/Budgetma.build/DerivedSources-normal/arm64 -Xcc -I/Users/big-z/Library/Developer/Xcode/DerivedData/Budgetma-ecrnksjfaapklsbgpumhciziwdlt/Build/Intermediates.noindex/Budgetma.build/Debug-iphonesimulator/Budgetma.build/DerivedSources/arm64 -Xcc -I/Users/big-z/Library/Developer/Xcode/DerivedData/Budgetma-ecrnksjfaapklsbgpumhciziwdlt/Build/Intermediates.noindex/Budgetma.build/Debug-iphonesimulator/Budgetma.build/DerivedSources -Xcc -DDEBUG\=1 -emit-objc-header -emit-objc-header-path /Users/big-z/Library/Developer/Xcode/DerivedData/Budgetma-ecrnksjfaapklsbgpumhciziwdlt/Build/Intermediates.noindex/Budgetma.build/Debug-iphonesimulator/Budgetma.build/Objects-normal/arm64/Budgetma-Swift.h -working-directory /Users/big-z/Documents/budgetma -experimental-emit-module-separately -disable-cmo

Ld /Users/big-z/Library/Developer/Xcode/DerivedData/Budgetma-ecrnksjfaapklsbgpumhciziwdlt/Build/Products/Debug-iphonesimulator/Budgetma.app/Budgetma.debug.dylib normal (in target 'Budgetma' from project 'Budgetma')
    cd /Users/big-z/Documents/budgetma
    /Applications/Xcode.app/Contents/Developer/Toolchains/XcodeDefault.xctoolchain/usr/bin/clang -Xlinker -reproducible -target arm64-apple-ios26.2-simulator -dynamiclib -isysroot /Applications/Xcode.app/Contents/Developer/Platforms/iPhoneSimulator.platform/Developer/SDKs/iPhoneSimulator26.5.sdk -O0 -L/Users/big-z/Library/Developer/Xcode/DerivedData/Budgetma-ecrnksjfaapklsbgpumhciziwdlt/Build/Intermediates.noindex/EagerLinkingTBDs/Debug-iphonesimulator -L/Users/big-z/Library/Developer/Xcode/DerivedData/Budgetma-ecrnksjfaapklsbgpumhciziwdlt/Build/Products/Debug-iphonesimulator -F/Users/big-z/Library/Developer/Xcode/DerivedData/Budgetma-ecrnksjfaapklsbgpumhciziwdlt/Build/Intermediates.noindex/EagerLinkingTBDs/Debug-iphonesimulator -F/Users/big-z/Library/Developer/Xcode/DerivedData/Budgetma-ecrnksjfaapklsbgpumhciziwdlt/Build/Products/Debug-iphonesimulator -filelist /Users/big-z/Library/Developer/Xcode/DerivedData/Budgetma-ecrnksjfaapklsbgpumhciziwdlt/Build/Intermediates.noindex/Budgetma.build/Debug-iphonesimulator/Budgetma.build/Objects-normal/arm64/Budgetma.LinkFileList -install_name @rpath/Budgetma.debug.dylib -Xlinker -rpath -Xlinker @executable_path/Frameworks -Xlinker -dead_strip -Xlinker -object_path_lto -Xlinker /Users/big-z/Library/Developer/Xcode/DerivedData/Budgetma-ecrnksjfaapklsbgpumhciziwdlt/Build/Intermediates.noindex/Budgetma.build/Debug-iphonesimulator/Budgetma.build/Objects-normal/arm64/Budgetma_lto.o -rdynamic -Xlinker -no_deduplicate -Xlinker -objc_abi_version -Xlinker 2 -Xlinker -dependency_info -Xlinker /Users/big-z/Library/Developer/Xcode/DerivedData/Budgetma-ecrnksjfaapklsbgpumhciziwdlt/Build/Intermediates.noindex/Budgetma.build/Debug-iphonesimulator/Budgetma.build/Objects-normal/arm64/Budgetma_dependency_info.dat -fobjc-link-runtime -L/Applications/Xcode.app/Contents/Developer/Toolchains/XcodeDefault.xctoolchain/usr/lib/swift/iphonesimulator -L/usr/lib/swift -Xlinker -add_ast_path -Xlinker /Users/big-z/Library/Developer/Xcode/DerivedData/Budgetma-ecrnksjfaapklsbgpumhciziwdlt/Build/Intermediates.noindex/Budgetma.build/Debug-iphonesimulator/Budgetma.build/Objects-normal/arm64/Budgetma.swiftmodule @/Users/big-z/Library/Developer/Xcode/DerivedData/Budgetma-ecrnksjfaapklsbgpumhciziwdlt/Build/Intermediates.noindex/Budgetma.build/Debug-iphonesimulator/Budgetma.build/Objects-normal/arm64/Budgetma-linker-args.resp -Xlinker -alias -Xlinker _main -Xlinker ___debug_main_executable_dylib_entry_point -Xlinker -no_adhoc_codesign -o /Users/big-z/Library/Developer/Xcode/DerivedData/Budgetma-ecrnksjfaapklsbgpumhciziwdlt/Build/Products/Debug-iphonesimulator/Budgetma.app/Budgetma.debug.dylib

ConstructStubExecutorLinkFileList /Users/big-z/Library/Developer/Xcode/DerivedData/Budgetma-ecrnksjfaapklsbgpumhciziwdlt/Build/Intermediates.noindex/Budgetma.build/Debug-iphonesimulator/Budgetma.build/Budgetma-ExecutorLinkFileList-normal-arm64.txt (in target 'Budgetma' from project 'Budgetma')
    cd /Users/big-z/Documents/budgetma
    construct-stub-executor-link-file-list /Users/big-z/Library/Developer/Xcode/DerivedData/Budgetma-ecrnksjfaapklsbgpumhciziwdlt/Build/Products/Debug-iphonesimulator/Budgetma.app/Budgetma.debug.dylib /Applications/Xcode.app/Contents/Developer/Platforms/iPhoneSimulator.platform/Developer/usr/lib/libPreviewsJITStubExecutor_no_swift_entry_point.a /Applications/Xcode.app/Contents/Developer/Platforms/iPhoneSimulator.platform/Developer/usr/lib/libPreviewsJITStubExecutor.a --output /Users/big-z/Library/Developer/Xcode/DerivedData/Budgetma-ecrnksjfaapklsbgpumhciziwdlt/Build/Intermediates.noindex/Budgetma.build/Debug-iphonesimulator/Budgetma.build/Budgetma-ExecutorLinkFileList-normal-arm64.txt
note: Using stub executor library with Swift entry point. (in target 'Budgetma' from project 'Budgetma')

Ld /Users/big-z/Library/Developer/Xcode/DerivedData/Budgetma-ecrnksjfaapklsbgpumhciziwdlt/Build/Products/Debug-iphonesimulator/Budgetma.app/Budgetma normal (in target 'Budgetma' from project 'Budgetma')
    cd /Users/big-z/Documents/budgetma
    /Applications/Xcode.app/Contents/Developer/Toolchains/XcodeDefault.xctoolchain/usr/bin/clang -Xlinker -reproducible -target arm64-apple-ios26.2-simulator -isysroot /Applications/Xcode.app/Contents/Developer/Platforms/iPhoneSimulator.platform/Developer/SDKs/iPhoneSimulator26.5.sdk -O0 -L/Users/big-z/Library/Developer/Xcode/DerivedData/Budgetma-ecrnksjfaapklsbgpumhciziwdlt/Build/Products/Debug-iphonesimulator -F/Users/big-z/Library/Developer/Xcode/DerivedData/Budgetma-ecrnksjfaapklsbgpumhciziwdlt/Build/Products/Debug-iphonesimulator -Xlinker -rpath -Xlinker @executable_path -Xlinker -rpath -Xlinker @executable_path/Frameworks -rdynamic -Xlinker -no_deduplicate -Xlinker -objc_abi_version -Xlinker 2 -e ___debug_blank_executor_main -Xlinker -sectcreate -Xlinker __TEXT -Xlinker __debug_dylib -Xlinker /Users/big-z/Library/Developer/Xcode/DerivedData/Budgetma-ecrnksjfaapklsbgpumhciziwdlt/Build/Intermediates.noindex/Budgetma.build/Debug-iphonesimulator/Budgetma.build/Budgetma-DebugDylibPath-normal-arm64.txt -Xlinker -sectcreate -Xlinker __TEXT -Xlinker __debug_instlnm -Xlinker /Users/big-z/Library/Developer/Xcode/DerivedData/Budgetma-ecrnksjfaapklsbgpumhciziwdlt/Build/Intermediates.noindex/Budgetma.build/Debug-iphonesimulator/Budgetma.build/Budgetma-DebugDylibInstallName-normal-arm64.txt -Xlinker -filelist -Xlinker /Users/big-z/Library/Developer/Xcode/DerivedData/Budgetma-ecrnksjfaapklsbgpumhciziwdlt/Build/Intermediates.noindex/Budgetma.build/Debug-iphonesimulator/Budgetma.build/Budgetma-ExecutorLinkFileList-normal-arm64.txt -Xlinker -sectcreate -Xlinker __TEXT -Xlinker __entitlements -Xlinker /Users/big-z/Library/Developer/Xcode/DerivedData/Budgetma-ecrnksjfaapklsbgpumhciziwdlt/Build/Intermediates.noindex/Budgetma.build/Debug-iphonesimulator/Budgetma.build/Budgetma.app-Simulated.xcent -Xlinker -sectcreate -Xlinker __TEXT -Xlinker __ents_der -Xlinker /Users/big-z/Library/Developer/Xcode/DerivedData/Budgetma-ecrnksjfaapklsbgpumhciziwdlt/Build/Intermediates.noindex/Budgetma.build/Debug-iphonesimulator/Budgetma.build/Budgetma.app-Simulated.xcent.der /Users/big-z/Library/Developer/Xcode/DerivedData/Budgetma-ecrnksjfaapklsbgpumhciziwdlt/Build/Products/Debug-iphonesimulator/Budgetma.app/Budgetma.debug.dylib -Xlinker -no_adhoc_codesign -o /Users/big-z/Library/Developer/Xcode/DerivedData/Budgetma-ecrnksjfaapklsbgpumhciziwdlt/Build/Products/Debug-iphonesimulator/Budgetma.app/Budgetma

CopySwiftLibs /Users/big-z/Library/Developer/Xcode/DerivedData/Budgetma-ecrnksjfaapklsbgpumhciziwdlt/Build/Products/Debug-iphonesimulator/Budgetma.app (in target 'Budgetma' from project 'Budgetma')
    cd /Users/big-z/Documents/budgetma
    builtin-swiftStdLibTool --copy --verbose --sign - --scan-executable /Users/big-z/Library/Developer/Xcode/DerivedData/Budgetma-ecrnksjfaapklsbgpumhciziwdlt/Build/Products/Debug-iphonesimulator/Budgetma.app/Budgetma.debug.dylib --scan-folder /Users/big-z/Library/Developer/Xcode/DerivedData/Budgetma-ecrnksjfaapklsbgpumhciziwdlt/Build/Products/Debug-iphonesimulator/Budgetma.app/Frameworks --scan-folder /Users/big-z/Library/Developer/Xcode/DerivedData/Budgetma-ecrnksjfaapklsbgpumhciziwdlt/Build/Products/Debug-iphonesimulator/Budgetma.app/PlugIns --scan-folder /Users/big-z/Library/Developer/Xcode/DerivedData/Budgetma-ecrnksjfaapklsbgpumhciziwdlt/Build/Products/Debug-iphonesimulator/Budgetma.app/SystemExtensions --scan-folder /Users/big-z/Library/Developer/Xcode/DerivedData/Budgetma-ecrnksjfaapklsbgpumhciziwdlt/Build/Products/Debug-iphonesimulator/Budgetma.app/Extensions --platform iphonesimulator --toolchain /Applications/Xcode.app/Contents/Developer/Toolchains/XcodeDefault.xctoolchain --destination /Users/big-z/Library/Developer/Xcode/DerivedData/Budgetma-ecrnksjfaapklsbgpumhciziwdlt/Build/Products/Debug-iphonesimulator/Budgetma.app/Frameworks --strip-bitcode --strip-bitcode-tool /Applications/Xcode.app/Contents/Developer/Toolchains/XcodeDefault.xctoolchain/usr/bin/bitcode_strip --emit-dependency-info /Users/big-z/Library/Developer/Xcode/DerivedData/Budgetma-ecrnksjfaapklsbgpumhciziwdlt/Build/Intermediates.noindex/Budgetma.build/Debug-iphonesimulator/Budgetma.build/SwiftStdLibToolInputDependencies.dep --filter-for-swift-os

ExtractAppIntentsMetadata (in target 'Budgetma' from project 'Budgetma')
    cd /Users/big-z/Documents/budgetma
    /Applications/Xcode.app/Contents/Developer/Toolchains/XcodeDefault.xctoolchain/usr/bin/appintentsmetadataprocessor --toolchain-dir /Applications/Xcode.app/Contents/Developer/Toolchains/XcodeDefault.xctoolchain --module-name Budgetma --sdk-root /Applications/Xcode.app/Contents/Developer/Platforms/iPhoneSimulator.platform/Developer/SDKs/iPhoneSimulator26.5.sdk --xcode-version 17F42 --platform-family iOS --deployment-target 26.2 --bundle-identifier the-kern.com.Budgetma --output /Users/big-z/Library/Developer/Xcode/DerivedData/Budgetma-ecrnksjfaapklsbgpumhciziwdlt/Build/Products/Debug-iphonesimulator/Budgetma.app --target-triple arm64-apple-ios26.2-simulator --binary-file /Users/big-z/Library/Developer/Xcode/DerivedData/Budgetma-ecrnksjfaapklsbgpumhciziwdlt/Build/Products/Debug-iphonesimulator/Budgetma.app/Budgetma --dependency-file /Users/big-z/Library/Developer/Xcode/DerivedData/Budgetma-ecrnksjfaapklsbgpumhciziwdlt/Build/Intermediates.noindex/Budgetma.build/Debug-iphonesimulator/Budgetma.build/Objects-normal/arm64/Budgetma_dependency_info.dat --stringsdata-file /Users/big-z/Library/Developer/Xcode/DerivedData/Budgetma-ecrnksjfaapklsbgpumhciziwdlt/Build/Intermediates.noindex/Budgetma.build/Debug-iphonesimulator/Budgetma.build/Objects-normal/arm64/ExtractedAppShortcutsMetadata.stringsdata --source-file-list /Users/big-z/Library/Developer/Xcode/DerivedData/Budgetma-ecrnksjfaapklsbgpumhciziwdlt/Build/Intermediates.noindex/Budgetma.build/Debug-iphonesimulator/Budgetma.build/Objects-normal/arm64/Budgetma.SwiftFileList --metadata-file-list /Users/big-z/Library/Developer/Xcode/DerivedData/Budgetma-ecrnksjfaapklsbgpumhciziwdlt/Build/Intermediates.noindex/Budgetma.build/Debug-iphonesimulator/Budgetma.build/Budgetma.DependencyMetadataFileList --static-metadata-file-list /Users/big-z/Library/Developer/Xcode/DerivedData/Budgetma-ecrnksjfaapklsbgpumhciziwdlt/Build/Intermediates.noindex/Budgetma.build/Debug-iphonesimulator/Budgetma.build/Budgetma.DependencyStaticMetadataFileList --swift-const-vals-list /Users/big-z/Library/Developer/Xcode/DerivedData/Budgetma-ecrnksjfaapklsbgpumhciziwdlt/Build/Intermediates.noindex/Budgetma.build/Debug-iphonesimulator/Budgetma.build/Objects-normal/arm64/Budgetma.SwiftConstValuesFileList --compile-time-extraction --deployment-aware-processing --validate-assistant-intents --no-app-shortcuts-localization
2026-05-30 18:55:24.600 appintentsmetadataprocessor[17559:264268] Starting appintentsmetadataprocessor export
2026-05-30 18:55:24.604 appintentsmetadataprocessor[17559:264268] warning: Metadata extraction skipped. No AppIntents.framework dependency found.

AppIntentsSSUTraining (in target 'Budgetma' from project 'Budgetma')
    cd /Users/big-z/Documents/budgetma
    /Applications/Xcode.app/Contents/Developer/Toolchains/XcodeDefault.xctoolchain/usr/bin/appintentsnltrainingprocessor --infoplist-path /Users/big-z/Library/Developer/Xcode/DerivedData/Budgetma-ecrnksjfaapklsbgpumhciziwdlt/Build/Products/Debug-iphonesimulator/Budgetma.app/Info.plist --temp-dir-path /Users/big-z/Library/Developer/Xcode/DerivedData/Budgetma-ecrnksjfaapklsbgpumhciziwdlt/Build/Intermediates.noindex/Budgetma.build/Debug-iphonesimulator/Budgetma.build/ssu --bundle-id the-kern.com.Budgetma --product-path /Users/big-z/Library/Developer/Xcode/DerivedData/Budgetma-ecrnksjfaapklsbgpumhciziwdlt/Build/Products/Debug-iphonesimulator/Budgetma.app --extracted-metadata-path /Users/big-z/Library/Developer/Xcode/DerivedData/Budgetma-ecrnksjfaapklsbgpumhciziwdlt/Build/Products/Debug-iphonesimulator/Budgetma.app/Metadata.appintents --metadata-file-list /Users/big-z/Library/Developer/Xcode/DerivedData/Budgetma-ecrnksjfaapklsbgpumhciziwdlt/Build/Intermediates.noindex/Budgetma.build/Debug-iphonesimulator/Budgetma.build/Budgetma.DependencyMetadataFileList --source-file /Users/big-z/Library/Developer/Xcode/DerivedData/Budgetma-ecrnksjfaapklsbgpumhciziwdlt/Build/Products/Debug-iphonesimulator/Budgetma.app/Info.plist --archive-ssu-assets
2026-05-30 18:55:24.623 appintentsnltrainingprocessor[17560:264269] Parsing options for appintentsnltrainingprocessor
2026-05-30 18:55:24.623 appintentsnltrainingprocessor[17560:264269] Starting AppIntents SSU YAML Generation
2026-05-30 18:55:24.626 appintentsnltrainingprocessor[17560:264269] No AppShortcuts found - Skipping.

CodeSign /Users/big-z/Library/Developer/Xcode/DerivedData/Budgetma-ecrnksjfaapklsbgpumhciziwdlt/Build/Products/Debug-iphonesimulator/Budgetma.app/Budgetma.debug.dylib (in target 'Budgetma' from project 'Budgetma')
    cd /Users/big-z/Documents/budgetma
    
    Signing Identity:     "Sign to Run Locally"
    
    /usr/bin/codesign --force --sign - --timestamp\=none --generate-entitlement-der /Users/big-z/Library/Developer/Xcode/DerivedData/Budgetma-ecrnksjfaapklsbgpumhciziwdlt/Build/Products/Debug-iphonesimulator/Budgetma.app/Budgetma.debug.dylib

CodeSign /Users/big-z/Library/Developer/Xcode/DerivedData/Budgetma-ecrnksjfaapklsbgpumhciziwdlt/Build/Products/Debug-iphonesimulator/Budgetma.app/__preview.dylib (in target 'Budgetma' from project 'Budgetma')
    cd /Users/big-z/Documents/budgetma
    
    Signing Identity:     "Sign to Run Locally"
    
    /usr/bin/codesign --force --sign - --timestamp\=none --generate-entitlement-der /Users/big-z/Library/Developer/Xcode/DerivedData/Budgetma-ecrnksjfaapklsbgpumhciziwdlt/Build/Products/Debug-iphonesimulator/Budgetma.app/__preview.dylib

CodeSign /Users/big-z/Library/Developer/Xcode/DerivedData/Budgetma-ecrnksjfaapklsbgpumhciziwdlt/Build/Products/Debug-iphonesimulator/Budgetma.app (in target 'Budgetma' from project 'Budgetma')
    cd /Users/big-z/Documents/budgetma
    
    Signing Identity:     "Sign to Run Locally"
    
    /usr/bin/codesign --force --sign - --timestamp\=none --generate-entitlement-der /Users/big-z/Library/Developer/Xcode/DerivedData/Budgetma-ecrnksjfaapklsbgpumhciziwdlt/Build/Products/Debug-iphonesimulator/Budgetma.app

RegisterExecutionPolicyException /Users/big-z/Library/Developer/Xcode/DerivedData/Budgetma-ecrnksjfaapklsbgpumhciziwdlt/Build/Products/Debug-iphonesimulator/Budgetma.app (in target 'Budgetma' from project 'Budgetma')
    cd /Users/big-z/Documents/budgetma
    builtin-RegisterExecutionPolicyException /Users/big-z/Library/Developer/Xcode/DerivedData/Budgetma-ecrnksjfaapklsbgpumhciziwdlt/Build/Products/Debug-iphonesimulator/Budgetma.app

Validate /Users/big-z/Library/Developer/Xcode/DerivedData/Budgetma-ecrnksjfaapklsbgpumhciziwdlt/Build/Products/Debug-iphonesimulator/Budgetma.app (in target 'Budgetma' from project 'Budgetma')
    cd /Users/big-z/Documents/budgetma
    builtin-validationUtility /Users/big-z/Library/Developer/Xcode/DerivedData/Budgetma-ecrnksjfaapklsbgpumhciziwdlt/Build/Products/Debug-iphonesimulator/Budgetma.app -shallow-bundle -infoplist-subpath Info.plist

Touch /Users/big-z/Library/Developer/Xcode/DerivedData/Budgetma-ecrnksjfaapklsbgpumhciziwdlt/Build/Products/Debug-iphonesimulator/Budgetma.app (in target 'Budgetma' from project 'Budgetma')
    cd /Users/big-z/Documents/budgetma
    /usr/bin/touch -c /Users/big-z/Library/Developer/Xcode/DerivedData/Budgetma-ecrnksjfaapklsbgpumhciziwdlt/Build/Products/Debug-iphonesimulator/Budgetma.app


Result bundle written to path:
	/Users/big-z/Documents/budgetma/.nvim/xcodebuild/build.xcresult

** BUILD SUCCEEDED **


